<?xml version="1.0" encoding="UTF-8"?>
<!-- Generated by org.testng.reporters.JUnitXMLReporter -->
<testsuite hostname="DESKTOP-63ITJU5" ignored="0" name="Login Page Test" tests="4" failures="0" timestamp="03 Apr 2021 07:12:36 GMT" time="157.042" errors="0">
  <testcase name="testFour" time="75.255" classname="com.zigwheels.testlogin.LoginTest"/>
  <testcase name="testFive" time="33.281" classname="com.zigwheels.testlogin.LoginTest"/>
  <testcase name="testSix" time="23.453" classname="com.zigwheels.testlogin.LoginTest"/>
  <testcase name="testSeven" time="24.986" classname="com.zigwheels.testlogin.LoginTest"/>
</testsuite> <!-- Login Page Test -->
