<?xml version="1.0" encoding="UTF-8"?>
<!-- Generated by org.testng.reporters.JUnitXMLReporter -->
<testsuite hostname="DESKTOP-63ITJU5" ignored="0" name="Used Cars Test" tests="3" failures="0" timestamp="03 Apr 2021 07:18:34 GMT" time="100.449" errors="0">
  <testcase name="extractUsedCarsModel1" time="44.354" classname="com.zigwheels.UsedCars.UsedCarsTest"/>
  <testcase name="extractUsedCarsModel2" time="37.114" classname="com.zigwheels.UsedCars.UsedCarsTest"/>
  <testcase name="extractUsedCarsModel3" time="18.962" classname="com.zigwheels.UsedCars.UsedCarsTest"/>
</testsuite> <!-- Used Cars Test -->
