<?xml version="1.0" encoding="UTF-8"?>
<testng-results skipped="0" failed="1" ignored="1" total="15" passed="13">
  <reporter-output>
  </reporter-output>
  <suite name="Regression and Smoke Suite" duration-ms="514784" started-at="2021-04-03T07:09:59Z" finished-at="2021-04-03T07:18:34Z">
    <groups>
    </groups>
    <test name="Login Page Test" duration-ms="157042" started-at="2021-04-03T07:09:59Z" finished-at="2021-04-03T07:12:36Z">
      <class name="com.zigwheels.testlogin.LoginTest">
        <test-method status="PASS" signature="testFour()[pri:4, instance:com.zigwheels.testlogin.LoginTest@49e53c76]" name="testFour" duration-ms="75255" started-at="2021-04-03T07:09:59Z" finished-at="2021-04-03T07:11:14Z">
          <reporter-output>
          </reporter-output>
        </test-method> <!-- testFour -->
        <test-method status="PASS" signature="testFive()[pri:5, instance:com.zigwheels.testlogin.LoginTest@49e53c76]" name="testFive" duration-ms="33281" started-at="2021-04-03T07:11:14Z" finished-at="2021-04-03T07:11:47Z">
          <reporter-output>
          </reporter-output>
        </test-method> <!-- testFive -->
        <test-method status="PASS" signature="testSix()[pri:6, instance:com.zigwheels.testlogin.LoginTest@49e53c76]" name="testSix" duration-ms="23453" started-at="2021-04-03T07:11:47Z" finished-at="2021-04-03T07:12:11Z">
          <reporter-output>
          </reporter-output>
        </test-method> <!-- testSix -->
        <test-method status="PASS" signature="testSeven()[pri:7, instance:com.zigwheels.testlogin.LoginTest@49e53c76]" name="testSeven" duration-ms="24986" started-at="2021-04-03T07:12:11Z" finished-at="2021-04-03T07:12:36Z">
          <reporter-output>
          </reporter-output>
        </test-method> <!-- testSeven -->
      </class> <!-- com.zigwheels.testlogin.LoginTest -->
    </test> <!-- Login Page Test -->
    <test name="Upcoming Bikes Test" duration-ms="256526" started-at="2021-04-03T07:12:36Z" finished-at="2021-04-03T07:16:53Z">
      <class name="com.zigwheels.testupcomingbikes.UpcomingBikesTest">
        <test-method status="PASS" signature="Test1()[pri:1, instance:com.zigwheels.testupcomingbikes.UpcomingBikesTest@59474f18]" name="Test1" duration-ms="32440" started-at="2021-04-03T07:13:18Z" finished-at="2021-04-03T07:13:51Z">
          <reporter-output>
          </reporter-output>
        </test-method> <!-- Test1 -->
        <test-method status="PASS" signature="Test2()[pri:2, instance:com.zigwheels.testupcomingbikes.UpcomingBikesTest@59474f18]" name="Test2" duration-ms="45391" started-at="2021-04-03T07:14:22Z" finished-at="2021-04-03T07:15:08Z">
          <reporter-output>
          </reporter-output>
        </test-method> <!-- Test2 -->
        <test-method status="PASS" signature="Test3()[pri:3, instance:com.zigwheels.testupcomingbikes.UpcomingBikesTest@59474f18]" name="Test3" duration-ms="39263" started-at="2021-04-03T07:15:38Z" finished-at="2021-04-03T07:16:17Z">
          <reporter-output>
          </reporter-output>
        </test-method> <!-- Test3 -->
        <test-method status="PASS" signature="Test4()[pri:4, instance:com.zigwheels.testupcomingbikes.UpcomingBikesTest@59474f18]" name="Test4" duration-ms="35497" started-at="2021-04-03T07:16:17Z" finished-at="2021-04-03T07:16:53Z">
          <reporter-output>
          </reporter-output>
        </test-method> <!-- Test4 -->
      </class> <!-- com.zigwheels.testupcomingbikes.UpcomingBikesTest -->
      <class name="com.zigwheels.testupcomingbikes.NewBikesTest">
        <test-method status="FAIL" signature="Test1()[pri:1, instance:com.zigwheels.testupcomingbikes.NewBikesTest@34123d65]" name="Test1" duration-ms="42221" started-at="2021-04-03T07:12:36Z" finished-at="2021-04-03T07:13:18Z">
          <exception class="org.openqa.selenium.NoSuchElementException">
            <message>
              <![CDATA[no such element: Unable to locate element: {"method":"xpath","selector":"//*[@id="main_section"]/div[2]/ul/li/a"}
  (Session info: chrome=89.0.4389.114)
For documentation on this error, please visit: https://www.seleniumhq.org/exceptions/no_such_element.html
Build info: version: '3.141.59', revision: 'e82be7d358', time: '2018-11-14T08:17:03'
System info: host: 'DESKTOP-63ITJU5', ip: '192.168.0.104', os.name: 'Windows 10', os.arch: 'amd64', os.version: '10.0', java.version: '1.8.0_271'
Driver info: org.openqa.selenium.chrome.ChromeDriver
Capabilities {acceptInsecureCerts: false, browserName: chrome, browserVersion: 89.0.4389.114, chrome: {chromedriverVersion: 88.0.4324.96 (68dba2d8a0b14..., userDataDir: C:\Users\suman\AppData\Loca...}, goog:chromeOptions: {debuggerAddress: localhost:50400}, javascriptEnabled: true, networkConnectionEnabled: false, pageLoadStrategy: normal, platform: WINDOWS, platformName: WINDOWS, proxy: Proxy(), setWindowRect: true, strictFileInteractability: false, timeouts: {implicit: 0, pageLoad: 300000, script: 30000}, unhandledPromptBehavior: dismiss and notify, webauthn:extension:largeBlob: true, webauthn:virtualAuthenticators: true}
Session ID: 7c25a6186c369af1eb2ae08449820fe6
*** Element info: {Using=xpath, value=//*[@id="main_section"]/div[2]/ul/li/a}]]>
            </message>
            <full-stacktrace>
              <![CDATA[org.openqa.selenium.NoSuchElementException: no such element: Unable to locate element: {"method":"xpath","selector":"//*[@id="main_section"]/div[2]/ul/li/a"}
  (Session info: chrome=89.0.4389.114)
For documentation on this error, please visit: https://www.seleniumhq.org/exceptions/no_such_element.html
Build info: version: '3.141.59', revision: 'e82be7d358', time: '2018-11-14T08:17:03'
System info: host: 'DESKTOP-63ITJU5', ip: '192.168.0.104', os.name: 'Windows 10', os.arch: 'amd64', os.version: '10.0', java.version: '1.8.0_271'
Driver info: org.openqa.selenium.chrome.ChromeDriver
Capabilities {acceptInsecureCerts: false, browserName: chrome, browserVersion: 89.0.4389.114, chrome: {chromedriverVersion: 88.0.4324.96 (68dba2d8a0b14..., userDataDir: C:\Users\suman\AppData\Loca...}, goog:chromeOptions: {debuggerAddress: localhost:50400}, javascriptEnabled: true, networkConnectionEnabled: false, pageLoadStrategy: normal, platform: WINDOWS, platformName: WINDOWS, proxy: Proxy(), setWindowRect: true, strictFileInteractability: false, timeouts: {implicit: 0, pageLoad: 300000, script: 30000}, unhandledPromptBehavior: dismiss and notify, webauthn:extension:largeBlob: true, webauthn:virtualAuthenticators: true}
Session ID: 7c25a6186c369af1eb2ae08449820fe6
*** Element info: {Using=xpath, value=//*[@id="main_section"]/div[2]/ul/li/a}
at sun.reflect.NativeConstructorAccessorImpl.newInstance0(Native Method)
at sun.reflect.NativeConstructorAccessorImpl.newInstance(Unknown Source)
at sun.reflect.DelegatingConstructorAccessorImpl.newInstance(Unknown Source)
at java.lang.reflect.Constructor.newInstance(Unknown Source)
at org.openqa.selenium.remote.http.W3CHttpResponseCodec.createException(W3CHttpResponseCodec.java:187)
at org.openqa.selenium.remote.http.W3CHttpResponseCodec.decode(W3CHttpResponseCodec.java:122)
at org.openqa.selenium.remote.http.W3CHttpResponseCodec.decode(W3CHttpResponseCodec.java:49)
at org.openqa.selenium.remote.HttpCommandExecutor.execute(HttpCommandExecutor.java:158)
at org.openqa.selenium.remote.service.DriverCommandExecutor.execute(DriverCommandExecutor.java:83)
at org.openqa.selenium.remote.RemoteWebDriver.execute(RemoteWebDriver.java:552)
at org.openqa.selenium.remote.RemoteWebDriver.findElement(RemoteWebDriver.java:323)
at org.openqa.selenium.remote.RemoteWebDriver.findElementByXPath(RemoteWebDriver.java:428)
at org.openqa.selenium.By$ByXPath.findElement(By.java:353)
at org.openqa.selenium.remote.RemoteWebDriver.findElement(RemoteWebDriver.java:315)
at com.newbikes.base.baseUI.clickXpath(baseUI.java:111)
at com.newbikes.pageModels.NewBikesPage.searchBox1(NewBikesPage.java:28)
at com.zigwheels.testupcomingbikes.NewBikesTest.Test1(NewBikesTest.java:18)
at sun.reflect.NativeMethodAccessorImpl.invoke0(Native Method)
at sun.reflect.NativeMethodAccessorImpl.invoke(Unknown Source)
at sun.reflect.DelegatingMethodAccessorImpl.invoke(Unknown Source)
at java.lang.reflect.Method.invoke(Unknown Source)
at org.testng.internal.MethodInvocationHelper.invokeMethod(MethodInvocationHelper.java:124)
at org.testng.internal.Invoker.invokeMethod(Invoker.java:583)
at org.testng.internal.Invoker.invokeTestMethod(Invoker.java:719)
at org.testng.internal.Invoker.invokeTestMethods(Invoker.java:989)
at org.testng.internal.TestMethodWorker.invokeTestMethods(TestMethodWorker.java:125)
at org.testng.internal.TestMethodWorker.run(TestMethodWorker.java:109)
at org.testng.TestRunner.privateRun(TestRunner.java:648)
at org.testng.TestRunner.run(TestRunner.java:505)
at org.testng.SuiteRunner.runTest(SuiteRunner.java:455)
at org.testng.SuiteRunner.runSequentially(SuiteRunner.java:450)
at org.testng.SuiteRunner.privateRun(SuiteRunner.java:415)
at org.testng.SuiteRunner.run(SuiteRunner.java:364)
at org.testng.SuiteRunnerWorker.runSuite(SuiteRunnerWorker.java:52)
at org.testng.SuiteRunnerWorker.run(SuiteRunnerWorker.java:84)
at org.testng.TestNG.runSuitesSequentially(TestNG.java:1208)
at org.testng.TestNG.runSuitesLocally(TestNG.java:1137)
at org.testng.TestNG.runSuites(TestNG.java:1049)
at org.testng.TestNG.run(TestNG.java:1017)
at org.testng.remote.AbstractRemoteTestNG.run(AbstractRemoteTestNG.java:114)
at org.testng.remote.RemoteTestNG.initAndRun(RemoteTestNG.java:251)
at org.testng.remote.RemoteTestNG.main(RemoteTestNG.java:77)
]]>
            </full-stacktrace>
          </exception> <!-- org.openqa.selenium.NoSuchElementException -->
          <reporter-output>
          </reporter-output>
        </test-method> <!-- Test1 -->
        <test-method status="PASS" signature="Test2()[pri:2, instance:com.zigwheels.testupcomingbikes.NewBikesTest@34123d65]" name="Test2" duration-ms="31669" started-at="2021-04-03T07:13:51Z" finished-at="2021-04-03T07:14:22Z">
          <reporter-output>
          </reporter-output>
        </test-method> <!-- Test2 -->
        <test-method status="PASS" signature="Test3()[pri:3, instance:com.zigwheels.testupcomingbikes.NewBikesTest@34123d65]" name="Test3" duration-ms="29992" started-at="2021-04-03T07:15:08Z" finished-at="2021-04-03T07:15:38Z">
          <reporter-output>
          </reporter-output>
        </test-method> <!-- Test3 -->
      </class> <!-- com.zigwheels.testupcomingbikes.NewBikesTest -->
    </test> <!-- Upcoming Bikes Test -->
    <test name="Used Cars Test" duration-ms="100449" started-at="2021-04-03T07:16:53Z" finished-at="2021-04-03T07:18:34Z">
      <class name="com.zigwheels.UsedCars.UsedCarsTest">
        <test-method status="PASS" signature="extractUsedCarsModel1()[pri:1, instance:com.zigwheels.UsedCars.UsedCarsTest@515c6049]" name="extractUsedCarsModel1" duration-ms="44354" started-at="2021-04-03T07:16:53Z" finished-at="2021-04-03T07:17:37Z">
          <reporter-output>
          </reporter-output>
        </test-method> <!-- extractUsedCarsModel1 -->
        <test-method status="PASS" signature="extractUsedCarsModel2()[pri:2, instance:com.zigwheels.UsedCars.UsedCarsTest@515c6049]" name="extractUsedCarsModel2" duration-ms="37114" started-at="2021-04-03T07:17:37Z" finished-at="2021-04-03T07:18:15Z">
          <reporter-output>
          </reporter-output>
        </test-method> <!-- extractUsedCarsModel2 -->
        <test-method status="PASS" signature="extractUsedCarsModel3()[pri:3, instance:com.zigwheels.UsedCars.UsedCarsTest@515c6049]" name="extractUsedCarsModel3" duration-ms="18962" started-at="2021-04-03T07:18:15Z" finished-at="2021-04-03T07:18:34Z">
          <reporter-output>
          </reporter-output>
        </test-method> <!-- extractUsedCarsModel3 -->
        <test-method status="PASS" signature="endReport()[pri:0, instance:com.zigwheels.UsedCars.UsedCarsTest@515c6049]" name="endReport" is-config="true" duration-ms="803" started-at="2021-04-03T07:18:34Z" finished-at="2021-04-03T07:18:34Z">
          <reporter-output>
          </reporter-output>
        </test-method> <!-- endReport -->
      </class> <!-- com.zigwheels.UsedCars.UsedCarsTest -->
    </test> <!-- Used Cars Test -->
  </suite> <!-- Regression and Smoke Suite -->
</testng-results>
